[    0.000000] Initializing cgroup subsys cpuset
[    0.000000] Initializing cgroup subsys cpu
[    0.000000] Initializing cgroup subsys cpuacct
[    0.000000] Linux version 4.4.0-210-generic (buildd@lgw01-amd64-009) (gcc version 5.4.0 20160609 (Ubuntu 5.4.0-6ubuntu1~16.04.12) ) #242-Ubuntu SMP Fri Apr 16 09:57:56 UTC 2021 (Ubuntu 4.4.0-210.242-generic 4.4.262)
[    0.000000] Command line: BOOT_IMAGE=/boot/vmlinuz-4.4.0-210-generic root=LABEL=cloudimg-rootfs ro console=tty1 console=ttyS0
[    0.000000] KERNEL supported cpus:
[    0.000000]   Intel GenuineIntel
[    0.000000]   AMD AuthenticAMD
[    0.000000]   Centaur CentaurHauls
[    0.000000] x86/fpu: xstate_offset[2]:  576, xstate_sizes[2]:  256
[    0.000000] x86/fpu: Supporting XSAVE feature 0x01: 'x87 floating point registers'
[    0.000000] x86/fpu: Supporting XSAVE feature 0x02: 'SSE registers'
[    0.000000] x86/fpu: Supporting XSAVE feature 0x04: 'AVX registers'
[    0.000000] x86/fpu: Enabled xstate features 0x7, context size is 832 bytes, using 'standard' format.
[    0.000000] e820: BIOS-provided physical RAM map:
[    0.000000] BIOS-e820: [mem 0x0000000000000000-0x000000000009fbff] usable
[    0.000000] BIOS-e820: [mem 0x000000000009fc00-0x000000000009ffff] reserved
[    0.000000] BIOS-e820: [mem 0x00000000000f0000-0x00000000000fffff] reserved
[    0.000000] BIOS-e820: [mem 0x0000000000100000-0x000000003ffeffff] usable
[    0.000000] BIOS-e820: [mem 0x000000003fff0000-0x000000003fffffff] ACPI data
[    0.000000] BIOS-e820: [mem 0x00000000fec00000-0x00000000fec00fff] reserved
[    0.000000] BIOS-e820: [mem 0x00000000fee00000-0x00000000fee00fff] reserved
[    0.000000] BIOS-e820: [mem 0x00000000fffc0000-0x00000000ffffffff] reserved
[    0.000000] NX (Execute Disable) protection: active
[    0.000000] SMBIOS 2.5 present.
[    0.000000] Hypervisor detected: KVM
[    0.000000] e820: last_pfn = 0x3fff0 max_arch_pfn = 0x400000000
[    0.000000] MTRR: Disabled
[    0.000000] x86/PAT: MTRRs disabled, skipping PAT initialization too.
[    0.000000] CPU MTRRs all blank - virtualized system.
[    0.000000] x86/PAT: Configuration [0-7]: WB  WT  UC- UC  WB  WT  UC- UC  
[    0.000000] found SMP MP-table at [mem 0x0009fff0-0x0009ffff] mapped at [ffff88000009fff0]
[    0.000000] Scanning 1 areas for low memory corruption
[    0.000000] RAMDISK: [mem 0x362de000-0x37166fff]
[    0.000000] ACPI: Early table checksum verification disabled
[    0.000000] ACPI: RSDP 0x00000000000E0000 000024 (v02 VBOX  )
[    0.000000] ACPI: XSDT 0x000000003FFF0030 00003C (v01 VBOX   VBOXXSDT 00000001 ASL  00000061)
[    0.000000] ACPI: FACP 0x000000003FFF00F0 0000F4 (v04 VBOX   VBOXFACP 00000001 ASL  00000061)
[    0.000000] ACPI: DSDT 0x000000003FFF0470 002325 (v02 VBOX   VBOXBIOS 00000002 INTL 20120111)
[    0.000000] ACPI: FACS 0x000000003FFF0200 000040
[    0.000000] ACPI: FACS 0x000000003FFF0200 000040
[    0.000000] ACPI: APIC 0x000000003FFF0240 00005C (v02 VBOX   VBOXAPIC 00000001 ASL  00000061)
[    0.000000] ACPI: SSDT 0x000000003FFF02A0 0001CC (v01 VBOX   VBOXCPUT 00000002 INTL 20120111)
[    0.000000] No NUMA configuration found
[    0.000000] Faking a node at [mem 0x0000000000000000-0x000000003ffeffff]
[    0.000000] NODE_DATA(0) allocated [mem 0x3ffeb000-0x3ffeffff]
[    0.000000] kvm-clock: Using msrs 4b564d01 and 4b564d00
[    0.000000] kvm-clock: cpu 0, msr 0:3ffe3001, primary cpu clock
[    0.000000] kvm-clock: using sched offset of 8053416059 cycles
[    0.000000] clocksource: kvm-clock: mask: 0xffffffffffffffff max_cycles: 0x1cd42e4dffb, max_idle_ns: 881590591483 ns
[    0.000000] Zone ranges:
[    0.000000]   DMA      [mem 0x0000000000001000-0x0000000000ffffff]
[    0.000000]   DMA32    [mem 0x0000000001000000-0x000000003ffeffff]
[    0.000000]   Normal   empty
[    0.000000]   Device   empty
[    0.000000] Movable zone start for each node
[    0.000000] Early memory node ranges
[    0.000000]   node   0: [mem 0x0000000000001000-0x000000000009efff]
[    0.000000]   node   0: [mem 0x0000000000100000-0x000000003ffeffff]
[    0.000000] Initmem setup node 0 [mem 0x0000000000001000-0x000000003ffeffff]
[    0.000000] ACPI: PM-Timer IO Port: 0x4008
[    0.000000] IOAPIC[0]: apic_id 2, version 32, address 0xfec00000, GSI 0-23
[    0.000000] ACPI: INT_SRC_OVR (bus 0 bus_irq 0 global_irq 2 dfl dfl)
[    0.000000] ACPI: INT_SRC_OVR (bus 0 bus_irq 9 global_irq 9 low level)
[    0.000000] Using ACPI (MADT) for SMP configuration information
[    0.000000] smpboot: Allowing 2 CPUs, 0 hotplug CPUs
[    0.000000] PM: Registered nosave memory: [mem 0x00000000-0x00000fff]
[    0.000000] PM: Registered nosave memory: [mem 0x0009f000-0x0009ffff]
[    0.000000] PM: Registered nosave memory: [mem 0x000a0000-0x000effff]
[    0.000000] PM: Registered nosave memory: [mem 0x000f0000-0x000fffff]
[    0.000000] e820: [mem 0x40000000-0xfebfffff] available for PCI devices
[    0.000000] Booting paravirtualized kernel on KVM
[    0.000000] clocksource: refined-jiffies: mask: 0xffffffff max_cycles: 0xffffffff, max_idle_ns: 7645519600211568 ns
[    0.000000] setup_percpu: NR_CPUS:512 nr_cpumask_bits:512 nr_cpu_ids:2 nr_node_ids:1
[    0.000000] PERCPU: Embedded 33 pages/cpu @ffff88003fc00000 s95192 r8192 d31784 u1048576
[    0.000000] Built 1 zonelists in Node order, mobility grouping on.  Total pages: 257912
[    0.000000] Policy zone: DMA32
[    0.000000] Kernel command line: BOOT_IMAGE=/boot/vmlinuz-4.4.0-210-generic root=LABEL=cloudimg-rootfs ro console=tty1 console=ttyS0
[    0.000000] PID hash table entries: 4096 (order: 3, 32768 bytes)
[    0.000000] Memory: 997796K/1048120K available (8644K kernel code, 1332K rwdata, 4044K rodata, 1492K init, 1164K bss, 50324K reserved, 0K cma-reserved)
[    0.000000] SLUB: HWalign=64, Order=0-3, MinObjects=0, CPUs=2, Nodes=1
[    0.000000] Kernel/User page tables isolation: enabled
[    0.000000] Hierarchical RCU implementation.
[    0.000000] 	Build-time adjustment of leaf fanout to 64.
[    0.000000] 	RCU restricting CPUs from NR_CPUS=512 to nr_cpu_ids=2.
[    0.000000] RCU: Adjusting geometry for rcu_fanout_leaf=64, nr_cpu_ids=2
[    0.000000] NR_IRQS:33024 nr_irqs:440 16
[    0.000000] Console: colour VGA+ 80x25
[    0.000000] console [tty1] enabled
[    0.000000] console [ttyS0] enabled
[    0.000000] tsc: Detected 1800.000 MHz processor
[    0.589233] Calibrating delay loop (skipped) preset value.. 3600.00 BogoMIPS (lpj=7200000)
[    0.595004] pid_max: default: 32768 minimum: 301
[    0.597141] ACPI: Core revision 20150930
[    0.600685] ACPI: 2 ACPI AML tables successfully acquired and loaded
[    0.606212] Security Framework initialized
[    0.607716] Yama: becoming mindful.
[    0.609459] AppArmor: AppArmor initialized
[    0.612252] Dentry cache hash table entries: 131072 (order: 8, 1048576 bytes)
[    0.619517] Inode-cache hash table entries: 65536 (order: 7, 524288 bytes)
[    0.623842] Mount-cache hash table entries: 2048 (order: 2, 16384 bytes)
[    0.628003] Mountpoint-cache hash table entries: 2048 (order: 2, 16384 bytes)
[    0.631009] Initializing cgroup subsys io
[    0.633329] Initializing cgroup subsys memory
[    0.640628] Initializing cgroup subsys devices
[    0.643964] Initializing cgroup subsys freezer
[    0.645597] Initializing cgroup subsys net_cls
[    0.647182] Initializing cgroup subsys perf_event
[    0.649133] Initializing cgroup subsys net_prio
[    0.651298] Initializing cgroup subsys hugetlb
[    0.654331] Initializing cgroup subsys pids
[    0.664546] mce: CPU supports 0 MCE banks
[    0.666509] Last level iTLB entries: 4KB 64, 2MB 8, 4MB 8
[    0.673393] Last level dTLB entries: 4KB 64, 2MB 0, 4MB 0, 1GB 4
[    0.676004] Spectre V1 : Mitigation: usercopy/swapgs barriers and __user pointer sanitization
[    0.678974] Spectre V2 : Mitigation: Full generic retpoline
[    0.681247] Spectre V2 : Spectre v2 / SpectreRSB mitigation: Filling RSB on context switch
[    0.684976] Speculative Store Bypass: Vulnerable
[    0.687496] SRBDS: Unknown: Dependent on hypervisor status
[    0.698165] MDS: Mitigation: Clear CPU buffers
[    0.716798] Freeing SMP alternatives memory: 36K
[    0.748411] ftrace: allocating 32380 entries in 127 pages
[    1.000787] smpboot: APIC(0) Converting physical 0 to logical package 0
[    1.010078] smpboot: Max logical packages: 1
[    1.012552] x2apic enabled
[    1.014273] Switched APIC routing to physical x2apic.
[    1.017311] ..TIMER: vector=0x30 apic1=0 pin1=2 apic2=-1 pin2=-1
[    1.128448] smpboot: CPU0: Intel(R) Core(TM) i5-5350U CPU @ 1.80GHz (family: 0x6, model: 0x3d, stepping: 0x4)
[    1.132972] Performance Events: unsupported p6 CPU model 61 no PMU driver, software events only.
[    1.164864] KVM setup paravirtual spinlock
[    1.174388] x86: Booting SMP configuration:
[    1.177599] .... node  #0, CPUs:      #1
[    1.180503] kvm-clock: cpu 1, msr 0:3ffe3041, secondary cpu clock
[    1.193780] mce: CPU supports 0 MCE banks
[    1.198102] x86: Booted up 1 node, 2 CPUs
[    1.200030] smpboot: Total of 2 processors activated (7200.00 BogoMIPS)
[    1.213682] devtmpfs: initialized
[    1.216321] evm: security.selinux
[    1.217734] evm: security.SMACK64
[    1.219228] evm: security.SMACK64EXEC
[    1.223560] evm: security.SMACK64TRANSMUTE
[    1.225646] evm: security.SMACK64MMAP
[    1.229504] evm: security.ima
[    1.230944] evm: security.capability
[    1.233119] clocksource: jiffies: mask: 0xffffffff max_cycles: 0xffffffff, max_idle_ns: 7645041785100000 ns
[    1.250665] futex hash table entries: 512 (order: 3, 32768 bytes)
[    1.256429] pinctrl core: initialized pinctrl subsystem
[    1.261413] RTC time: 11:20:55, date: 07/15/21
[    1.266438] NET: Registered protocol family 16
[    1.284898] cpuidle: using governor ladder
[    1.301334] cpuidle: using governor menu
[    1.308829] PCCT header not found.
[    1.312343] ACPI: bus type PCI registered
[    1.313680] acpiphp: ACPI Hot Plug PCI Controller Driver version: 0.5
[    1.317093] PCI: Using configuration type 1 for base access
[    1.333647] ACPI: Added _OSI(Module Device)
[    1.337638] ACPI: Added _OSI(Processor Device)
[    1.344935] ACPI: Added _OSI(3.0 _SCP Extensions)
[    1.347460] ACPI: Added _OSI(Processor Aggregator Device)
[    1.350899] ACPI: Executed 1 blocks of module-level executable AML code
[    1.359049] ACPI: Interpreter enabled
[    1.361496] ACPI: (supports S0 S5)
[    1.362987] ACPI: Using IOAPIC for interrupt routing
[    1.365191] PCI: Using host bridge windows from ACPI; if necessary, use "pci=nocrs" and report a bug
[    1.392813] ACPI: PCI Root Bridge [PCI0] (domain 0000 [bus 00-ff])
[    1.395964] acpi PNP0A03:00: _OSC: OS supports [ASPM ClockPM Segments MSI]
[    1.400403] acpi PNP0A03:00: _OSC: not requesting OS control; OS requires [ExtendedConfig ASPM ClockPM MSI]
[    1.412314] acpi PNP0A03:00: fail to add MMCONFIG information, can't access extended PCI configuration space under this bridge.
[    1.416826] PCI host bridge to bus 0000:00
[    1.419347] pci_bus 0000:00: root bus resource [io  0x0000-0x0cf7 window]
[    1.425027] pci_bus 0000:00: root bus resource [io  0x0d00-0xffff window]
[    1.428480] pci_bus 0000:00: root bus resource [mem 0x000a0000-0x000bffff window]
[    1.431768] pci_bus 0000:00: root bus resource [mem 0x40000000-0xfdffffff window]
[    1.439669] pci_bus 0000:00: root bus resource [bus 00-ff]
[    1.454717] pci 0000:00:01.1: legacy IDE quirk: reg 0x10: [io  0x01f0-0x01f7]
[    1.459463] pci 0000:00:01.1: legacy IDE quirk: reg 0x14: [io  0x03f6]
[    1.463671] pci 0000:00:01.1: legacy IDE quirk: reg 0x18: [io  0x0170-0x0177]
[    1.481137] pci 0000:00:01.1: legacy IDE quirk: reg 0x1c: [io  0x0376]
[    1.518972] pci 0000:00:07.0: quirk: [io  0x4000-0x403f] claimed by PIIX4 ACPI
[    1.526794] pci 0000:00:07.0: quirk: [io  0x4100-0x410f] claimed by PIIX4 SMB
[    1.582527] ACPI: PCI Interrupt Link [LNKA] (IRQs 5 9 10 *11)
[    1.593997] ACPI: PCI Interrupt Link [LNKB] (IRQs 5 9 *10 11)
[    1.599345] ACPI: PCI Interrupt Link [LNKC] (IRQs 5 *9 10 11)
[    1.612050] ACPI: PCI Interrupt Link [LNKD] (IRQs 5 9 10 *11)
[    1.615162] ACPI: Enabled 2 GPEs in block 00 to 07
[    1.618488] vgaarb: setting as boot device: PCI:0000:00:02.0
[    1.623819] vgaarb: device added: PCI:0000:00:02.0,decodes=io+mem,owns=io+mem,locks=none
[    1.628122] vgaarb: loaded
[    1.629539] vgaarb: bridge control possible 0000:00:02.0
[    1.632800] SCSI subsystem initialized
[    1.636705] ACPI: bus type USB registered
[    1.649955] usbcore: registered new interface driver usbfs
[    1.653266] usbcore: registered new interface driver hub
[    1.659012] usbcore: registered new device driver usb
[    1.664142] PCI: Using ACPI for IRQ routing
[    1.666712] NetLabel: Initializing
[    1.670349] NetLabel:  domain hash size = 128
[    1.674389] NetLabel:  protocols = UNLABELED CIPSOv4
[    1.677372] NetLabel:  unlabeled traffic allowed by default
[    1.682978] amd_nb: Cannot enumerate AMD northbridges
[    1.686314] clocksource: Switched to clocksource kvm-clock
[    1.719418] AppArmor: AppArmor Filesystem Enabled
[    1.723708] pnp: PnP ACPI init
[    1.731882] pnp: PnP ACPI: found 3 devices
[    1.749685] clocksource: acpi_pm: mask: 0xffffff max_cycles: 0xffffff, max_idle_ns: 2085701024 ns
[    1.757102] NET: Registered protocol family 2
[    1.762292] TCP established hash table entries: 8192 (order: 4, 65536 bytes)
[    1.784101] TCP bind hash table entries: 8192 (order: 5, 131072 bytes)
[    1.787459] TCP: Hash tables configured (established 8192 bind 8192)
[    1.793817] UDP hash table entries: 512 (order: 2, 16384 bytes)
[    1.799152] UDP-Lite hash table entries: 512 (order: 2, 16384 bytes)
[    1.813627] NET: Registered protocol family 1
[    1.815480] pci 0000:00:00.0: Limiting direct PCI/PCI transfers
[    1.820405] pci 0000:00:01.0: Activating ISA DMA hang workarounds
[    1.827640] Unpacking initramfs...
[    2.395582] Freeing initrd memory: 14884K
[    2.397803] RAPL PMU detected, API unit is 2^-32 Joules, 4 fixed counters 10737418240 ms ovfl timer
[    2.404947] hw unit of domain pp0-core 2^-0 Joules
[    2.412491] hw unit of domain package 2^-0 Joules
[    2.414449] hw unit of domain dram 2^-0 Joules
[    2.416341] hw unit of domain pp1-gpu 2^-0 Joules
[    2.418360] clocksource: tsc: mask: 0xffffffffffffffff max_cycles: 0x19f2297dd97, max_idle_ns: 440795236593 ns
[    2.422670] platform rtc_cmos: registered platform RTC device (no PNP device found)
[    2.426764] Scanning for low memory corruption every 60 seconds
[    2.430214] audit: initializing netlink subsys (disabled)
[    2.433006] audit: type=2000 audit(1626348065.550:1): initialized
[    2.447164] Initialise system trusted keyring
[    2.449559] HugeTLB registered 2 MB page size, pre-allocated 0 pages
[    2.456971] zbud: loaded
[    2.458916] VFS: Disk quotas dquot_6.6.0
[    2.461550] VFS: Dquot-cache hash table entries: 512 (order 0, 4096 bytes)
[    2.468575] squashfs: version 4.0 (2009/01/31) Phillip Lougher
[    2.479322] fuse init (API version 7.23)
[    2.482158] Key type big_key registered
[    2.484737] Allocating IMA MOK and blacklist keyrings.
[    2.489294] Key type asymmetric registered
[    2.491556] Asymmetric key parser 'x509' registered
[    2.493973] Block layer SCSI generic (bsg) driver version 0.4 loaded (major 249)
[    2.498187] io scheduler noop registered
[    2.499825] io scheduler deadline registered (default)
[    2.507360] io scheduler cfq registered
[    2.519023] pci_hotplug: PCI Hot Plug PCI Core version: 0.5
[    2.521786] pciehp: PCI Express Hot Plug Controller Driver version: 0.4
[    2.527537] ACPI: AC Adapter [AC] (on-line)
[    2.531412] input: Power Button as /devices/LNXSYSTM:00/LNXPWRBN:00/input/input0
[    2.540721] ACPI: Power Button [PWRF]
[    2.547516] input: Sleep Button as /devices/LNXSYSTM:00/LNXSLPBN:00/input/input1
[    2.550808] ACPI: Sleep Button [SLPF]
[    2.554011] GHES: HEST is not enabled!
[    2.555973] Serial: 8250/16550 driver, 32 ports, IRQ sharing enabled
[    2.556413] ACPI: Battery Slot [BAT0] (battery present)
[    2.597717] 00:02: ttyS0 at I/O 0x3f8 (irq = 4, base_baud = 115200) is a 16550A
[    2.606236] Linux agpgart interface v0.103
[    2.614902] loop: module loaded
[    2.618067] scsi host0: ata_piix
[    2.620774] scsi host1: ata_piix
[    2.623645] ata1: PATA max UDMA/33 cmd 0x1f0 ctl 0x3f6 bmdma 0xd000 irq 14
[    2.626649] ata2: PATA max UDMA/33 cmd 0x170 ctl 0x376 bmdma 0xd008 irq 15
[    2.633722] libphy: Fixed MDIO Bus: probed
[    2.651074] tun: Universal TUN/TAP device driver, 1.6
[    2.652754] tun: (C) 1999-2004 Max Krasnyansky <maxk@qualcomm.com>
[    2.655638] PPP generic driver version 2.4.2
[    2.659065] ehci_hcd: USB 2.0 'Enhanced' Host Controller (EHCI) Driver
[    2.665981] ehci-pci: EHCI PCI platform driver
[    2.678425] ehci-platform: EHCI generic platform driver
[    2.682110] ohci_hcd: USB 1.1 'Open' Host Controller (OHCI) Driver
[    2.685826] ohci-pci: OHCI PCI platform driver
[    2.690322] ohci-platform: OHCI generic platform driver
[    2.697491] uhci_hcd: USB Universal Host Controller Interface driver
[    2.701028] i8042: PNP: PS/2 Controller [PNP0303:PS2K,PNP0f03:PS2M] at 0x60,0x64 irq 1,12
[    2.715115] serio: i8042 KBD port at 0x60,0x64 irq 1
[    2.720876] serio: i8042 AUX port at 0x60,0x64 irq 12
[    2.729511] mousedev: PS/2 mouse device common for all mice
[    2.733640] rtc_cmos rtc_cmos: rtc core: registered rtc_cmos as rtc0
[    2.739762] input: AT Translated Set 2 keyboard as /devices/platform/i8042/serio0/input/input2
[    2.743496] rtc_cmos rtc_cmos: alarms up to one day, 114 bytes nvram
[    2.745501] i2c /dev entries driver
[    2.747619] device-mapper: uevent: version 1.0.3
[    2.750949] device-mapper: ioctl: 4.34.0-ioctl (2015-10-28) initialised: dm-devel@redhat.com
[    2.754683] ledtrig-cpu: registered to indicate activity on CPUs
[    2.761437] NET: Registered protocol family 10
[    2.765052] NET: Registered protocol family 17
[    2.767034] Key type dns_resolver registered
[    2.775603] registered taskstats version 1
[    2.778274] Loading compiled-in X.509 certificates
[    2.781428] Loaded X.509 cert 'Build time autogenerated kernel key: cf00e047681d67edb2720680708b7d9498083038'
[    2.786677] zswap: loaded using pool lzo/zbud
[    2.817052] Key type trusted registered
[    2.824383] Key type encrypted registered
[    2.826219] AppArmor: AppArmor sha1 policy hashing enabled
[    2.829499] ima: No TPM chip found, activating TPM-bypass!
[    2.832461] ima: Allocated hash algorithm: sha1
[    2.834356] evm: HMAC attrs: 0x1
[    2.837433]   Magic number: 13:569:327
[    2.846587] rtc_cmos rtc_cmos: setting system clock to 2021-07-15 11:20:56 UTC (1626348056)
[    2.849446] BIOS EDD facility v0.16 2004-Jun-25, 0 devices found
[    2.852350] EDD information not available.
[    2.856638] Freeing unused kernel memory: 1492K
[    2.866809] Write protecting the kernel read-only data: 14336k
[    2.872597] Freeing unused kernel memory: 1584K
[    2.875362] Freeing unused kernel memory: 52K
Loading, please wait...
starting version 229
[    2.900418] random: systemd-udevd: uninitialized urandom read (16 bytes read, 5 bits of entropy available)
[    2.903664] random: udevadm: uninitialized urandom read (16 bytes read, 5 bits of entropy available)
[    2.903830] random: udevadm: uninitialized urandom read (16 bytes read, 5 bits of entropy available)
[    2.923029] random: systemd-udevd: uninitialized urandom read (16 bytes read, 5 bits of entropy available)
[    2.928123] random: systemd-udevd: uninitialized urandom read (16 bytes read, 5 bits of entropy available)
[    2.932896] random: systemd-udevd: uninitialized urandom read (16 bytes read, 5 bits of entropy available)
[    2.942761] random: udevadm: uninitialized urandom read (16 bytes read, 5 bits of entropy available)
[    2.942822] random: udevadm: uninitialized urandom read (16 bytes read, 5 bits of entropy available)
[    2.942992] random: udevadm: uninitialized urandom read (16 bytes read, 5 bits of entropy available)
[    2.943059] random: udevadm: uninitialized urandom read (16 bytes read, 5 bits of entropy available)
[    3.151117] Fusion MPT base driver 3.04.20
[    3.159560] Copyright (c) 1999-2008 LSI Corporation
[    3.177149] e1000: Intel(R) PRO/1000 Network Driver - version 7.3.21-k8-NAPI
[    3.186993] e1000: Copyright (c) 1999-2006 Intel Corporation.
[    3.228096] AVX2 version of gcm_enc/dec engaged.
[    3.231829] AES CTR mode by8 optimization enabled
[    3.255163] Fusion MPT SPI Host driver 3.04.20
[    3.426275] input: ImExPS/2 Generic Explorer Mouse as /devices/platform/i8042/serio1/input/input4
[    4.164791] e1000 0000:00:03.0 eth0: (PCI:33MHz:32-bit) 02:0f:93:65:62:e0
[    4.168570] e1000 0000:00:03.0 eth0: Intel(R) PRO/1000 Network Connection
[    4.177851] mptbase: ioc0: Initiating bringup
[    4.934992] ioc0: LSI53C1030 A0: Capabilities={Initiator}
[    6.933163] scsi host2: ioc0: LSI53C1030 A0, FwRev=00000000h, Ports=1, MaxQ=256, IRQ=20
[    8.346181] scsi 2:0:0:0: Direct-Access     VBOX     HARDDISK         1.0  PQ: 0 ANSI: 5
[    8.355895] scsi target2:0:0: Beginning Domain Validation
[    8.364081] scsi target2:0:0: Domain Validation skipping write tests
[    8.371577] scsi target2:0:0: Ending Domain Validation
[    8.426444] scsi target2:0:0: asynchronous
[    8.464067] scsi 2:0:1:0: Direct-Access     VBOX     HARDDISK         1.0  PQ: 0 ANSI: 5
[    8.492459] scsi target2:0:1: Beginning Domain Validation
[    8.547752] scsi target2:0:1: Domain Validation skipping write tests
[    8.575740] scsi target2:0:1: Ending Domain Validation
[    8.652042] scsi target2:0:1: asynchronous
[    8.719768] sd 2:0:0:0: [sda] 83886080 512-byte logical blocks: (42.9 GB/40.0 GiB)
[    8.735839] sd 2:0:0:0: Attached scsi generic sg0 type 0
[    8.747109] sd 2:0:1:0: Attached scsi generic sg1 type 0
[    8.756009] sd 2:0:1:0: [sdb] 20480 512-byte logical blocks: (10.5 MB/10.0 MiB)
[    8.771116] sd 2:0:0:0: [sda] Write Protect is off
[    8.782815] sd 2:0:0:0: [sda] Incomplete mode parameter data
[    8.792898] sd 2:0:0:0: [sda] Assuming drive cache: write through
[    8.801943] sd 2:0:1:0: [sdb] Write Protect is off
[    8.815157] sd 2:0:1:0: [sdb] Incomplete mode parameter data
[    8.827673] sd 2:0:1:0: [sdb] Assuming drive cache: write through
[    8.851814]  sda: sda1
[    8.870809] sd 2:0:0:0: [sda] Attached SCSI disk
[    8.893969] sd 2:0:1:0: [sdb] Attached SCSI disk
[   10.009069] e1000 0000:00:08.0 eth1: (PCI:33MHz:32-bit) 08:00:27:b0:5f:e7
[   10.035056] e1000 0000:00:08.0 eth1: Intel(R) PRO/1000 Network Connection
[   10.081039] e1000 0000:00:08.0 enp0s8: renamed from eth1
[   10.127412] e1000 0000:00:03.0 enp0s3: renamed from eth0
Begin: Loading essential drivers ... [   12.220735] md: linear personality registered for level -1
[   12.229954] md: multipath personality registered for level -4
[   12.236443] md: raid0 personality registered for level 0
[   12.249176] md: raid1 personality registered for level 1
[   12.326416] raid6: sse2x1   gen()  6279 MB/s
[   12.394392] raid6: sse2x1   xor()  4967 MB/s
[   12.462397] raid6: sse2x2   gen()  7259 MB/s
[   12.530391] raid6: sse2x2   xor()  5206 MB/s
[   12.602464] raid6: sse2x4   gen()  8178 MB/s
[   12.670382] raid6: sse2x4   xor()  6486 MB/s
[   12.738387] raid6: avx2x1   gen() 12338 MB/s
[   12.807496] raid6: avx2x2   gen()  7798 MB/s
[   12.878582] raid6: avx2x4   gen()  2606 MB/s
[   12.893947] raid6: using algorithm avx2x1 gen() 12338 MB/s
[   12.904395] raid6: using avx2x2 recovery algorithm
[   12.925088] xor: automatically using best checksumming function:
[   12.966963]    avx       :  8844.000 MB/sec
[   12.978450] async_tx: api initialized (async)
[   13.009775] md: raid6 personality registered for level 6
[   13.012307] md: raid5 personality registered for level 5
[   13.018487] md: raid4 personality registered for level 4
[   13.029832] md: raid10 personality registered for level 10
done.
Begin: Running /scripts/init-premount ... done.
Begin: Mounting root file system ... Begin: Running /scripts/local-top ... done.
Begin: Running /scripts/local-premount ... [   13.103180] Btrfs loaded
Scanning for Btrfs filesystems
done.
Warning: fsck not present, so skipping root file system
[   13.198157] EXT4-fs (sda1): mounted filesystem with ordered data mode. Opts: (null)
done.
Begin: Running /scripts/local-bottom ... done.
Begin: Running /scripts/init-bottom ... done.
[   13.419335] systemd[1]: systemd 229 running in system mode. (+PAM +AUDIT +SELINUX +IMA +APPARMOR +SMACK +SYSVINIT +UTMP +LIBCRYPTSETUP +GCRYPT +GNUTLS +ACL +XZ -LZ4 +SECCOMP +BLKID +ELFUTILS +KMOD -IDN)
[   13.425744] systemd[1]: Detected virtualization oracle.
[   13.427912] systemd[1]: Detected architecture x86-64.

Welcome to [1mUbuntu 16.04.7 LTS[0m!

[   13.438609] systemd[1]: Set hostname to <ubuntu>.
[   13.446240] systemd[1]: Initializing machine ID from random generator.
[   13.455913] systemd[1]: Installed transient /etc/machine-id file.
[   13.803464] systemd[1]: Created slice System Slice.
[[0;32m  OK  [0m] Created slice System Slice.
[   13.810077] systemd[1]: Started Trigger resolvconf update for networkd DNS.
[[0;32m  OK  [0m] Started Trigger resolvconf update for networkd DNS.
[   13.817558] systemd[1]: Listening on udev Kernel Socket.
[[0;32m  OK  [0m] Listening on udev Kernel Socket.
[   13.824552] systemd[1]: Reached target User and Group Name Lookups.
[[0;32m  OK  [0m] Reached target User and Group Name Lookups.
[   13.831065] systemd[1]: Reached target System Time Synchronized.
[[0;32m  OK  [0m] Reached target System Time Synchronized.
[   13.836572] systemd[1]: Reached target Encrypted Volumes.
[[0;32m  OK  [0m] Reached target Encrypted Volumes.
[   13.842588] systemd[1]: Listening on Journal Socket (/dev/log).
[[0;32m  OK  [0m] Listening on Journal Socket (/dev/log).
[   13.849894] systemd[1]: Listening on LVM2 metadata daemon socket.
[[0;32m  OK  [0m] Listening on LVM2 metadata daemon socket.
[   13.854550] systemd[1]: Listening on fsck to fsckd communication Socket.
[[0;32m  OK  [0m] Listening on fsck to fsckd communication Socket.
[   13.860988] systemd[1]: Listening on Syslog Socket.
[[0;32m  OK  [0m] Listening on Syslog Socket.
[   13.865407] systemd[1]: Listening on Journal Socket.
[[0;32m  OK  [0m] Listening on Journal Socket.
[   13.891004] systemd[1]: Mounting Debug File System...
         Mounting Debug File System...
[   13.898001] systemd[1]: Starting Set console keymap...
         Starting Set console keymap...
[   13.907688] systemd[1]: Mounting POSIX Message Queue File System...
         Mounting POSIX Message Queue File System...
[   13.919763] systemd[1]: Starting Uncomplicated firewall...
         Starting Uncomplicated firewall...
[   13.935767] systemd[1]: Mounting Huge Pages File System...
         Mounting Huge Pages File System...
[   13.944703] systemd[1]: Listening on Device-mapper event daemon FIFOs.
[[0;32m  OK  [0m] Listening on Device-mapper event daemon FIFOs.
[   13.958193] systemd[1]: Starting Monitoring of LVM2 mirrors, snapshots etc. using dmeventd or progress polling...
         Starting Monitoring of LVM2 mirrors... dmeventd or progress polling...
[   13.975392] systemd[1]: Created slice User and Session Slice.
[[0;32m  OK  [0m] Created slice User and Session Slice.
[   13.981410] systemd[1]: Reached target Slices.
[[0;32m  OK  [0m] Reached target Slices.
[   13.998918] systemd[1]: Started Forward Password Requests to Wall Directory Watch.
[[0;32m  OK  [0m] Started Forward Password Requests to Wall Directory Watch.
[   14.006630] random: nonblocking pool is initialized
[   14.019540] systemd[1]: Listening on /dev/initctl Compatibility Named Pipe.
[[0;32m  OK  [0m] Listening on /dev/initctl Compatibility Named Pipe.
[   14.044899] systemd[1]: Listening on udev Control Socket.
[[0;32m  OK  [0m] Listening on udev Control Socket.
[   14.091016] systemd[1]: Starting File System Check on Root Device...
         Starting File System Check on Root Device...
[   14.151654] systemd[1]: Starting Load Kernel Modules...
         Starting Load Kernel Modules...
[   14.169139] systemd[1]: Listening on Journal Audit Socket.
[[0;32m  OK  [0m] Listening on Journal Audit Socket.
[   14.196304] Loading iSCSI transport class v2.0-870.
[   14.199993] systemd[1]: Starting Journal Service...
         Starting Journal Service...
[   14.221369] systemd[1]: Set up automount Arbitrary Executable File Formats File System Automount Point.
[[0;32m  OK  [0m] Set up automount Arbitrary Executab...ats File System Automount Point.
[   14.243268] systemd[1]: Reached target Swap.
[[0;32m  OK  [0m] Reached target Swap.
[   14.259850] iscsi: registered transport (tcp)
[   14.279373] systemd[1]: Starting Create list of required static device nodes for the current kernel...
         Starting Create list of required st... nodes for the current kernel...
[   14.305526] systemd[1]: Listening on LVM2 poll daemon socket.
[[0;32m  OK  [0m] Listening on LVM2 poll daemon socket.
[   14.328174] systemd[1]: Created slice system-serial\x2dgetty.slice.
[[0;32m  OK  [0m] Created slice system-serial\x2dgetty.slice.
[   14.377219] systemd[1]: Starting Nameserver information manager...
         Starting Nameserver information manager...
[   14.396019] systemd[1]: Mounted Huge Pages File System.
[   14.403713] iscsi: registered transport (iser)
[[0;32m  OK  [0m] Mounted Huge Pages File System.
[   14.411704] systemd[1]: Mounted Debug File System.
[[0;32m  OK  [0m] Mounted Debug File System.
[   14.414833] systemd[1]: Mounted POSIX Message Queue File System.
[[0;32m  OK  [0m] Mounted POSIX Message Queue File System.
[   14.431457] systemd[1]: Started Journal Service.
[[0;32m  OK  [0m] Started Journal Service.
[[0;32m  OK  [0m] Started Set console keymap.
[[0;32m  OK  [0m] Started Uncomplicated firewall.
[[0;32m  OK  [0m] Started File System Check on Root Device.
[[0;32m  OK  [0m] Started Load Kernel Modules.
[[0;32m  OK  [0m] Started Create list of required sta...ce nodes for the current kernel.
[[0;32m  OK  [0m] Started LVM2 metadata daemon.
[[0;32m  OK  [0m] Started File System Check Daemon to report status.
         Starting Create Static Device Nodes in /dev...
         Starting Apply Kernel Variables...
         Mounting FUSE Control File System...
         Starting Remount Root and Kernel File Systems...
[   14.529968] EXT4-fs (sda1): re-mounted. Opts: (null)
[[0;32m  OK  [0m] Mounted FUSE Control File System.
[[0;32m  OK  [0m] Started Nameserver information manager.
[[0;32m  OK  [0m] Started Apply Kernel Variables.
[[0;32m  OK  [0m] Started Create Static Device Nodes in /dev.
[[0;32m  OK  [0m] Started Remount Root and Kernel File Systems.
         Starting udev Coldplug all Devices...
         Starting Flush Journal to Persistent Storage...
         Starting Load/Save Random Seed...
         Starting udev Kernel Device Manager...
[[0;32m  OK  [0m] Started Load/Save Random Seed.
[[0;32m  OK  [0m] Started Flush Journal to Persistent Storage.
[[0;32m  OK  [0m] Started udev Kernel Device Manager.
[[0;32m  OK  [0m] Started udev Coldplug all Devices.
[[0;32m  OK  [0m] Started Dispatch Password Requests to Console Directory Watch.
[[0;32m  OK  [0m] Started Monitoring of LVM2 mirrors,...ng dmeventd or progress polling.
[[0;32m  OK  [0m] Reached target Local File Systems (Pre).
[[0;32m  OK  [0m] Reached target Local File Systems.
         Starting Create Volatile Files and Directories...
         Starting Tell Plymouth To Write Out Runtime Data...
         Starting Set console font and keymap...
         Starting Commit a transient machine-id on disk...
         Starting Initial cloud-init job (pre-networking)...
         Starting LSB: AppArmor initialization...
[[0;32m  OK  [0m] Started Create Volatile Files and Directories.
[[0;32m  OK  [0m] Started Tell Plymouth To Write Out Runtime Data.
         Starting Update UTMP about System Boot/Shutdown...
[[0;32m  OK  [0m] Started Update UTMP about System Boot/Shutdown.
[[0;32m  OK  [0m] Started Commit a transient machine-id on disk.
[[0;32m  OK  [0m] Found device /dev/ttyS0.
[[0;32m  OK  [0m] Listening on Load/Save RF Kill Switch Status /dev/rfkill Watch.
[[0;32m  OK  [0m] Started LSB: AppArmor initialization.
         Starting Load AppArmor profiles managed internally by snapd...
[[0;32m  OK  [0m] Started Load AppArmor profiles managed internally by snapd.
[[0;32m  OK  [0m] Started Set console font and keymap.
[[0;32m  OK  [0m] Created slice system-getty.slice.
[   18.791407] cloud-init[518]: Cloud-init v. 21.1-19-gbad84ad4-0ubuntu1~16.04.2 running 'init-local' at Thu, 15 Jul 2021 11:21:12 +0000. Up 17.78 seconds.
[[0;32m  OK  [0m] Started Initial cloud-init job (pre-networking).
[[0;32m  OK  [0m] Reached target Network (Pre).
         Starting Raise network interfaces...
[[0;32m  OK  [0m] Started Raise network interfaces.
         Starting Initial cloud-init job (metadata service crawler)...
[[0;32m  OK  [0m] Reached target Network.
[   21.296693] cloud-init[977]: Cloud-init v. 21.1-19-gbad84ad4-0ubuntu1~16.04.2 running 'init' at Thu, 15 Jul 2021 11:21:14 +0000. Up 20.02 seconds.
[   21.301734] cloud-init[977]: ci-info: ++++++++++++++++++++++++++++++++++++++Net device info++++++++++++++++++++++++++++++++++++++
[   21.304520] cloud-init[977]: ci-info: +--------+-------+---------------------------+---------------+--------+-------------------+
[   21.311519] cloud-init[977]: ci-info: | Device |   Up  |          Address          |      Mask     | Scope  |     Hw-Address    |
[   21.317239] cloud-init[977]: ci-info: +--------+-------+---------------------------+---------------+--------+-------------------+
[   21.320786] cloud-init[977]: ci-info: | enp0s3 |  True |         10.0.2.15         | 255.255.255.0 | global | 02:0f:93:65:62:e0 |
[   21.325085] cloud-init[977]: ci-info: | enp0s3 |  True | fe80::f:93ff:fe65:62e0/64 |       .       |  link  | 02:0f:93:65:62:e0 |
[   21.332727] cloud-init[977]: ci-info: | enp0s8 | False |             .             |       .       |   .    | 08:00:27:b0:5f:e7 |
[   21.336632] cloud-init[977]: ci-info: |   lo   |  True |         127.0.0.1         |   255.0.0.0   |  host  |         .         |
[   21.344346] cloud-init[977]: ci-info: |   lo   |  True |          ::1/128          |       .       |  host  |         .         |
[   21.352919] cloud-init[977]: ci-info: +--------+-------+---------------------------+---------------+--------+-------------------+
[   21.360685] cloud-init[977]: ci-info: +++++++++++++++++++++++++++Route IPv4 info++++++++++++++++++++++++++++
[   21.366184] cloud-init[977]: ci-info: +-------+-------------+----------+---------------+-----------+-------+
[   21.371116] cloud-init[977]: ci-info: | Route | Destination | Gateway  |    Genmask    | Interface | Flags |
[   21.376709] cloud-init[977]: ci-info: +-------+-------------+----------+---------------+-----------+-------+
[   21.388781] cloud-init[977]: ci-info: |   0   |   0.0.0.0   | 10.0.2.2 |    0.0.0.0    |   enp0s3  |   UG  |
[   21.394337] cloud-init[977]: ci-info: |   1   |   10.0.2.0  | 0.0.0.0  | 255.255.255.0 |   enp0s3  |   U   |
[   21.400995] cloud-init[977]: ci-info: +-------+-------------+----------+---------------+-----------+-------+
[   21.404482] cloud-init[977]: ci-info: +++++++++++++++++++Route IPv6 info+++++++++++++++++++
[   21.417669] cloud-init[977]: ci-info: +-------+-------------+---------+-----------+-------+
[   21.420482] cloud-init[977]: ci-info: | Route | Destination | Gateway | Interface | Flags |
[   21.423895] cloud-init[977]: ci-info: +-------+-------------+---------+-----------+-------+
[   21.432623] cloud-init[977]: ci-info: |   0   |  fe80::/64  |    ::   |   enp0s3  |   U   |
[   21.441813] cloud-init[977]: ci-info: |   3   |   ff00::/8  |    ::   |   enp0s3  |   U   |
[   21.444716] cloud-init[977]: ci-info: +-------+-------------+---------+-----------+-------+
[   21.447281] cloud-init[977]: Generating public/private rsa key pair.
[   21.461157] cloud-init[977]: Your identification has been saved in /etc/ssh/ssh_host_rsa_key.
[[0;32m  OK  [0m] Started Initial cloud-init job (metadata service crawler).
[   21.462040] cloud-init[977]: Your public key has been saved in /etc/ssh/ssh_host_rsa_key.pub.
[   21.468914] cloud-init[977]: The key fingerprint is:
[   21.469120] cloud-init[977]: SHA256:0EVYX56TSJ8a2UfTtU5n0mzI3IP9ERASvh84IMKdySk root@ubuntu-xenial
[[0;32m  OK  [0m] Reached target System Initialization.
[   21.470928] cloud-init[977]: The key's randomart image is:
[   21.475416] cloud-init[977]: +---[RSA 2048]----+
[   21.477529] cloud-init[977]: |         ++ooo+o=|
[[0;32m  OK  [0m] Listening on D-Bus System Message Bus Socket.
[   21.478140] cloud-init[977]: |    . o.=..o.XoX=|
[   21.493092] cloud-init[977]: |     E.B.. .=.&*O|
[   21.585613] cloud-init[977]: |      o.. . ooo*=|
[   21.587688] [[0;32m  OK  [0m] Started Message of the Day.
cloud-init[977]: |        S  +.. ..|
[   21.596930] cloud-init[977]: |            o .  |
[   21.605011] cloud-init[977]: |             .   |
         Starting LXD - unix socket.
         [   21.608525] cloud-init[977]: |                 |
[   21.608670] cloud-init[977]: |                 |
[   21.609409] cloud-init[977]: +----[SHA256]-----+
Starting Socket activation for snappy daemon.
[   21.610472] cloud-init[977]: Generating public/private dsa key pair.
[   21.616325] cloud-init[977]: Your identification has been saved in /etc/ssh/ssh_host_dsa_key.
[   21.616994] cloud-init[977]: Your public key has been saved in /etc/ssh/ssh_host_dsa_key.pub.
[[0;32m  OK  [0m] Started ACPI Events Check.
[   21.617088] cloud-init[977]: The key fingerprint is:
[   21.623586] cloud-init[977]: SHA256:goRlEmzCz1/CWObzTI60sC/QXRwJuIaElqj8ypMqSa0 root@ubuntu-xenial
[[0;32m  OK  [0m] Reached target Paths.
[   21.623976] cloud-init[977]: The key's randomart image is:
[   21.630463] cloud-init[977]: +---[DSA 1024]----+
[[0;32m  OK  [0m[   21.630813] ] cloud-initListening on UUID daemon activation socket.[977]: 
|+.+.+.. .        |
[   21.630895] cloud-init[977]: |+=o* o o         |
[   21.641116] cloud-init[977]: |=o= O . .        |
[   21.643012] cloud-init[977]: |.o O B =         |
[[0;32m  OK  [0m] Started Daily apt download activities.
[   21.643482] cloud-init[977]: |  = B & S        |
[   21.657893] cloud-init[977]: | o = = =         |
[   21.659509] cloud-init[977]: |o.= .            |
[   21.661262] cloud-init[977]: |oE . .           |
[[0;32m  OK  [0m] Started Daily apt upgrade and clean activities.
[[   21.662313] cloud-init[977]: |+ . .            |
[   21.666150] cloud-init[977]: +----[SHA256]-----+
[0;32m  OK  [0m] Listening on ACPID Listen Socket.
[   21.668270] cloud-init[977]: Generating public/private ecdsa key pair.
[   21.674038] cloud-init[977]: Your identification has been saved in /etc/ssh/ssh_host_ecdsa_key.
[   21.674360] cloud-init[977]: Your public key has been saved in /etc/ssh/ssh_host_ecdsa_key.pub.
[[0;32m  OK  [0m] Started Ubuntu Advantage update messaging.
[[0;32m  OK  [0m[   21.677484] ] cloud-initStarted Daily Cleanup of Temporary Directories.[977]: 
The key fingerprint is:
[   21.681552] cloud-init[977]: SHA256:T0zK1y6o4+nZ/nFno7eL2G4bX0HpSjM7+HnPhVjy4E8 root@ubuntu-xenial
[   21.686995] cloud-init[977]: The key's randomart image is:
[   21.687399] cloud-init[977]: +---[ECDSA 256]---+
[   21.689716] cloud-init[977]: |                 |
[   21.690846] cloud-init[977]: |                .|
[[0;32m  OK  [0m] Reached target Timers.
[   21.692355] cloud-init[977]: |          .    o |
[   21.697061] cloud-init[977]: |       . + .  o  |
[   21.697839] cloud-init[977]: |        S + ++.o |
[[0;32m  OK  [0m] Reached target Network is Online.
[   21.698345] cloud-init[977]: |         = oo*=..|
[   21.703398] cloud-init[977]: |        . +.*+E o|
[   21.706072] cloud-init[977]: |      .=   *oX+=.|
[   21.707946] cloud-init[977]: |     o*oo.oo*=*o+|
[   21.717255] cloud-init[977]: +----[SHA256]-----+
         Starting iSCSI initiator daemon (iscsid)...
[[   21.717681] cloud-init[977]: Generating public/private ed25519 key pair.
[   21.729357] cloud-init[0;32m  OK  [0m[977]: ] Your identification has been saved in /etc/ssh/ssh_host_ed25519_key.Reached target Cloud-config availability.

[   21.729695] cloud-init[977]: Your public key has been saved in /etc/ssh/ssh_host_ed25519_key.pub.
[   21.738535] cloud-init[977]: The key fingerprint is:
[   21.738886] cloud-init[977]: SHA256:F8zdOBjKL0FPrfWApol857cXVeySXDw1nJwJPAp3LwE root@ubuntu-xenial
[   21.739155] cloud-init[977]: [The key's randomart image is:[0;32m  OK  [0m
] Listening on LXD - unix socket.
[[0;32m  OK  [0m] Listening on Socket activation for snappy daemon.
[   21.748715] cloud-init[977]: +--[ED25519 256]--+
[   21.752449] cloud-init[977]: |        . oEo.++*|
[[0;32m  OK  [0m] Reached target Sockets.
[[0;32m  OK  [0m] Reached target Basic System.
[   21.753973] cloud-init[977]: |       o Bo=+B B*|
[[0;32m  OK  [0m] Started ACPI event daemon.
[   21.778112] cloud-init[977]: |     . .++Oo*+=+o|
[   21.791181] cloud-init[977]: |      o +ooo o=.o|
         Starting /etc/rc.local Compatibility...
         Starting Login Service...
         Starting Accounts Service...
[   21.803498] cloud-init[977]: |       .Soo   .o |
[   21.825764] cloud-init[977]: |         o. . .  |
[   21.828010] cloud-init[977]: |           . . . |
[   21.859263] cloud-init[977]: |            . .  |
         Starting LSB: MD monitoring daemon...
[   21.867045] cloud-init[977]: |             .   |
[   21.889293] cloud-init[977]: +----[SHA256]-----+
         Starting Pollinate to seed the pseudo random number generator...
         Starting Virtualbox guest utils...
[[0;32m  OK  [0m] Started Regular background program processing daemon.
[[0;32m  OK  [0m] Started D-Bus System Message Bus.
         Starting Snap Daemon...
         Starting System Logging Service...
[[0;32m  OK  [0m] Started Deferred execution scheduler.
         Starting LSB: Record successful boot for GRUB...
[[0;32m  OK  [0m] Started FUSE filesystem for LXC.
         Starting LXD - container startup/shutdown...
[[0;32m  OK  [0m] Started /etc/rc.local Compatibility.
[[0;32m  OK  [0m] Started System Logging Service.
[[0;32m  OK  [0m] Started iSCSI initiator daemon (iscsid).
[[0;32m  OK  [0m] Started Login Service.
[[0;32m  OK  [0m] Started Unattended Upgrades Shutdown.
         Starting Authenticate and Authorize Users to Run Privileged Tasks...
         Starting Login to default iSCSI targets...
[[0;32m  OK  [0m] Started LSB: MD monitoring daemon.
[[0;32m  OK  [0m] Started LSB: Record successful boot for GRUB.
[[0;32m  OK  [0m] Started Login to default iSCSI targets.
[[0;32m  OK  [0m] Reached target Remote File Systems (Pre).
[[0;32m  OK  [0m] Reached target Remote File Systems.
         Starting LSB: daemon to balance interrupts for SMP systems...
         Starting LSB: Set the CPU Frequency Scaling governor to "ondemand"...
         Starting LSB: automatic crash report generation...
         Starting Permit User Sessions...
[[0;32m  OK  [0m] Started Authenticate and Authorize Users to Run Privileged Tasks.
[[0;32m  OK  [0m] Started Permit User Sessions.
         Starting Hold until boot process finishes up...
         Starting Terminate Plymouth Boot Screen...
[[0;32m  OK  [0m] Started Hold until boot process finishes up.
[[0;32m  OK  [0m] Started Terminate Plymouth Boot Screen.
[[0;32m  OK  [0m] Started Accounts Service.
[[0;32m  OK  [0m] Started Getty on tty1.
[[0;32m  OK  [0m] Started Serial Getty on ttyS0.
[[0;32m  OK  [0m] Reached target Login Prompts.
         Starting Set console scheme...
[[0;32m  OK  [0m] Started Virtualbox guest utils.
[[0;32m  OK  [0m] Started LSB: daemon to balance interrupts for SMP systems.
[[0;32m  OK  [0m] Started Set console scheme.
[[0;32m  OK  [0m] Started LSB: Set the CPU Frequency Scaling governor to "ondemand".
[[0;32m  OK  [0m] Started LXD - container startup/shutdown.
[[0;32m  OK  [0m] Started LSB: automatic crash report generation.
[[0;32m  OK  [0m] Started Pollinate to seed the pseudo random number generator.
         Starting OpenBSD Secure Shell server...
[[0;32m  OK  [0m] Started OpenBSD Secure Shell server.
[[0;32m  OK  [0m] Started Snap Daemon.
         Starting Wait until snapd is fully seeded...
[[0;32m  OK  [0m] Created slice User Slice of vagrant.
         Starting User Manager for UID 1000...
[[0;32m  OK  [0m] Started Session 1 of user vagrant.
[[0;32m  OK  [0m] Started User Manager for UID 1000.
[[0;32m  OK  [0m] Started Wait until snapd is fully seeded.
         Starting Apply the settings specified in cloud-config...
[[0;32m  OK  [0m] Reached target Multi-User System.
[[0;32m  OK  [0m] Reached target Graphical Interface.
         Starting Update UTMP about System Runlevel Changes...
[[0;32m  OK  [0m] Started Update UTMP about System Runlevel Changes.

Ubuntu 16.04.7 LTS ubuntu-xenial ttyS0

ubuntu-xenial login: [   30.001232] cloud-init[1398]: Generating locales (this might take a while)...
[   32.723269] cloud-init[1398]:   en_US.UTF-8... done
[   32.731305] cloud-init[1398]: Generation complete.
[   33.860289] cloud-init[1398]: Cloud-init v. 21.1-19-gbad84ad4-0ubuntu1~16.04.2 running 'modules:config' at Thu, 15 Jul 2021 11:21:24 +0000. Up 29.50 seconds.
ci-info: no authorized SSH keys fingerprints found for user ubuntu.
<14>Jul 15 11:21:30 ec2: 
<14>Jul 15 11:21:30 ec2: #############################################################
<14>Jul 15 11:21:30 ec2: -----BEGIN SSH HOST KEY FINGERPRINTS-----
<14>Jul 15 11:21:30 ec2: 1024 SHA256:goRlEmzCz1/CWObzTI60sC/QXRwJuIaElqj8ypMqSa0 root@ubuntu-xenial (DSA)
<14>Jul 15 11:21:30 ec2: 256 SHA256:T0zK1y6o4+nZ/nFno7eL2G4bX0HpSjM7+HnPhVjy4E8 root@ubuntu-xenial (ECDSA)
<14>Jul 15 11:21:30 ec2: 256 SHA256:F8zdOBjKL0FPrfWApol857cXVeySXDw1nJwJPAp3LwE root@ubuntu-xenial (ED25519)
<14>Jul 15 11:21:30 ec2: 2048 SHA256:0EVYX56TSJ8a2UfTtU5n0mzI3IP9ERASvh84IMKdySk root@ubuntu-xenial (RSA)
<14>Jul 15 11:21:30 ec2: -----END SSH HOST KEY FINGERPRINTS-----
<14>Jul 15 11:21:30 ec2: #############################################################
-----BEGIN SSH HOST KEY KEYS-----
ecdsa-sha2-nistp256 AAAAE2VjZHNhLXNoYTItbmlzdHAyNTYAAAAIbmlzdHAyNTYAAABBBHBMt7DYJF7d2UBiXKj6z745fBvzcYZpqs9Uh9skzVfUT8slwP6gvCMEkIbpmawFr3/wQdJfhPwa7sh5gbOs7Og= root@ubuntu-xenial
ssh-ed25519 AAAAC3NzaC1lZDI1NTE5AAAAIBJ3/VUyS7VutoSn+/8BVQ2WckFNpMeY3/926AAkjxRl root@ubuntu-xenial
ssh-rsa AAAAB3NzaC1yc2EAAAADAQABAAABAQCmQmdeiET3eGwPz/qqnpnP2Pb9EGSLVAikeMeCuO/mGqzcZGcsIlKpY2PSa1I06WQDswtjfeCtpt6hCeMRUbpve6KdsBm/OJZYP6jncKhSdDtgIYCWMZ9sJfbplV29tsLfYLrq/xVYEDBC1AnjE1jupLZ09iuX71MP8ZzIwPI5SVccPWIno2baG+DdReIrM8JEnlTN8pRAPLA+RLURulf3ZVmwqOh/REzOwKxkHog3qRxT6+hsWSkbamNZp5E/CehRR1DKuqyhckpMpEXigEfVJD2E8W9NnHdg5kGdEoVnTjyiYyGS2UlUaGvPxMQRh1ITgjSOZPSxNPLFH04DyOYX root@ubuntu-xenial
-----END SSH HOST KEY KEYS-----
[   35.663353] cloud-init[1656]: Cloud-init v. 21.1-19-gbad84ad4-0ubuntu1~16.04.2 running 'modules:final' at Thu, 15 Jul 2021 11:21:29 +0000. Up 35.09 seconds.
[   35.683743] cloud-init[1656]: ci-info: no authorized SSH keys fingerprints found for user ubuntu.
[   35.683967] cloud-init[1656]: Cloud-init v. 21.1-19-gbad84ad4-0ubuntu1~16.04.2 finished at Thu, 15 Jul 2021 11:21:30 +0000. Datasource DataSourceNoCloud [seed=/dev/sdb][dsmode=net].  Up 35.62 seconds
